{"/home/runner/work/transcript-create/transcript-create/frontend/src/components/ExportMenu.tsx": {"path":"/home/runner/work/transcript-create/transcript-create/frontend/src/components/ExportMenu.tsx","statementMap":{"0":{"start":{"line":12,"column":4},"end":{"line":16,"column":null}},"1":{"start":{"line":13,"column":6},"end":{"line":13,"column":null}},"2":{"start":{"line":14,"column":6},"end":{"line":14,"column":null}},"3":{"start":{"line":15,"column":6},"end":{"line":15,"column":null}},"4":{"start":{"line":17,"column":4},"end":{"line":17,"column":null}},"5":{"start":{"line":29,"column":28},"end":{"line":29,"column":null}},"6":{"start":{"line":37,"column":28},"end":{"line":37,"column":null}},"7":{"start":{"line":45,"column":28},"end":{"line":45,"column":null}},"8":{"start":{"line":53,"column":28},"end":{"line":53,"column":null}},"9":{"start":{"line":64,"column":28},"end":{"line":64,"column":null}},"10":{"start":{"line":72,"column":28},"end":{"line":72,"column":null}},"11":{"start":{"line":80,"column":28},"end":{"line":80,"column":null}}},"fnMap":{"0":{"name":"ExportMenu","decl":{"start":{"line":10,"column":24},"end":{"line":10,"column":35}},"loc":{"start":{"line":10,"column":78},"end":{"line":95,"column":null}},"line":10},"1":{"name":"guard","decl":{"start":{"line":11,"column":11},"end":{"line":11,"column":17}},"loc":{"start":{"line":11,"column":50},"end":{"line":18,"column":null}},"line":11},"2":{"name":"(anonymous_2)","decl":{"start":{"line":29,"column":21},"end":{"line":29,"column":22}},"loc":{"start":{"line":29,"column":28},"end":{"line":29,"column":null}},"line":29},"3":{"name":"(anonymous_3)","decl":{"start":{"line":37,"column":21},"end":{"line":37,"column":22}},"loc":{"start":{"line":37,"column":28},"end":{"line":37,"column":null}},"line":37},"4":{"name":"(anonymous_4)","decl":{"start":{"line":45,"column":21},"end":{"line":45,"column":22}},"loc":{"start":{"line":45,"column":28},"end":{"line":45,"column":null}},"line":45},"5":{"name":"(anonymous_5)","decl":{"start":{"line":53,"column":21},"end":{"line":53,"column":22}},"loc":{"start":{"line":53,"column":28},"end":{"line":53,"column":null}},"line":53},"6":{"name":"(anonymous_6)","decl":{"start":{"line":64,"column":21},"end":{"line":64,"column":22}},"loc":{"start":{"line":64,"column":28},"end":{"line":64,"column":null}},"line":64},"7":{"name":"(anonymous_7)","decl":{"start":{"line":72,"column":21},"end":{"line":72,"column":22}},"loc":{"start":{"line":72,"column":28},"end":{"line":72,"column":null}},"line":72},"8":{"name":"(anonymous_8)","decl":{"start":{"line":80,"column":21},"end":{"line":80,"column":22}},"loc":{"start":{"line":80,"column":28},"end":{"line":80,"column":null}},"line":80}},"branchMap":{"0":{"loc":{"start":{"line":12,"column":4},"end":{"line":16,"column":null}},"type":"if","locations":[{"start":{"line":12,"column":4},"end":{"line":16,"column":null}},{"start":{},"end":{}}],"line":12}},"s":{"0":5,"1":1,"2":1,"3":1,"4":4,"5":3,"6":0,"7":0,"8":1,"9":0,"10":1,"11":0},"f":{"0":8,"1":5,"2":3,"3":0,"4":0,"5":1,"6":0,"7":1,"8":0},"b":{"0":[1,4]},"meta":{"lastBranch":1,"lastFunction":9,"lastStatement":12,"seen":{"f:10:24:10:35":0,"f:11:11:11:17":1,"b:12:4:16:Infinity:undefined:undefined:undefined:undefined":0,"s:12:4:16:Infinity":0,"s:13:6:13:Infinity":1,"s:14:6:14:Infinity":2,"s:15:6:15:Infinity":3,"s:17:4:17:Infinity":4,"f:29:21:29:22":2,"s:29:28:29:Infinity":5,"f:37:21:37:22":3,"s:37:28:37:Infinity":6,"f:45:21:45:22":4,"s:45:28:45:Infinity":7,"f:53:21:53:22":5,"s:53:28:53:Infinity":8,"f:64:21:64:22":6,"s:64:28:64:Infinity":9,"f:72:21:72:22":7,"s:72:28:72:Infinity":10,"f:80:21:80:22":8,"s:80:28:80:Infinity":11}}}
,"/home/runner/work/transcript-create/transcript-create/frontend/src/components/YouTubePlayer.tsx": {"path":"/home/runner/work/transcript-create/transcript-create/frontend/src/components/YouTubePlayer.tsx","statementMap":{"0":{"start":{"line":20,"column":8},"end":{"line":20,"column":null}},"1":{"start":{"line":21,"column":8},"end":{"line":21,"column":null}},"2":{"start":{"line":22,"column":25},"end":{"line":22,"column":null}},"3":{"start":{"line":24,"column":2},"end":{"line":51,"column":null}},"4":{"start":{"line":26,"column":6},"end":{"line":26,"column":null}},"5":{"start":{"line":26,"column":41},"end":{"line":26,"column":null}},"6":{"start":{"line":27,"column":6},"end":{"line":32,"column":null}},"7":{"start":{"line":28,"column":20},"end":{"line":28,"column":null}},"8":{"start":{"line":29,"column":8},"end":{"line":29,"column":null}},"9":{"start":{"line":30,"column":8},"end":{"line":30,"column":null}},"10":{"start":{"line":31,"column":8},"end":{"line":31,"column":null}},"11":{"start":{"line":31,"column":47},"end":{"line":31,"column":null}},"12":{"start":{"line":34,"column":4},"end":{"line":45,"column":null}},"13":{"start":{"line":35,"column":6},"end":{"line":35,"column":null}},"14":{"start":{"line":35,"column":33},"end":{"line":35,"column":null}},"15":{"start":{"line":36,"column":6},"end":{"line":44,"column":null}},"16":{"start":{"line":42,"column":25},"end":{"line":42,"column":null}},"17":{"start":{"line":46,"column":4},"end":{"line":50,"column":null}},"18":{"start":{"line":47,"column":6},"end":{"line":49,"column":null}},"19":{"start":{"line":48,"column":8},"end":{"line":48,"column":null}},"20":{"start":{"line":53,"column":2},"end":{"line":59,"column":null}},"21":{"start":{"line":54,"column":4},"end":{"line":58,"column":null}},"22":{"start":{"line":55,"column":6},"end":{"line":57,"column":null}},"23":{"start":{"line":56,"column":8},"end":{"line":56,"column":null}},"24":{"start":{"line":61,"column":2},"end":{"line":67,"column":null}},"25":{"start":{"line":61,"column":34},"end":{"line":67,"column":null}},"26":{"start":{"line":63,"column":6},"end":{"line":65,"column":null}},"27":{"start":{"line":64,"column":8},"end":{"line":64,"column":null}}},"fnMap":{"0":{"name":"YouTubePlayer","decl":{"start":{"line":16,"column":63},"end":{"line":16,"column":null}},"loc":{"start":{"line":18,"column":5},"end":{"line":74,"column":null}},"line":18},"1":{"name":"(anonymous_1)","decl":{"start":{"line":24,"column":12},"end":{"line":24,"column":null}},"loc":{"start":{"line":24,"column":12},"end":{"line":51,"column":5}},"line":24},"2":{"name":"loadApi","decl":{"start":{"line":25,"column":13},"end":{"line":25,"column":null}},"loc":{"start":{"line":25,"column":13},"end":{"line":33,"column":null}},"line":25},"3":{"name":"(anonymous_3)","decl":{"start":{"line":27,"column":31},"end":{"line":27,"column":32}},"loc":{"start":{"line":27,"column":32},"end":{"line":32,"column":null}},"line":27},"4":{"name":"(anonymous_4)","decl":{"start":{"line":31,"column":41},"end":{"line":31,"column":47}},"loc":{"start":{"line":31,"column":47},"end":{"line":31,"column":null}},"line":31},"5":{"name":"(anonymous_5)","decl":{"start":{"line":34,"column":19},"end":{"line":34,"column":null}},"loc":{"start":{"line":34,"column":19},"end":{"line":45,"column":null}},"line":34},"6":{"name":"(anonymous_6)","decl":{"start":{"line":42,"column":19},"end":{"line":42,"column":25}},"loc":{"start":{"line":42,"column":25},"end":{"line":42,"column":null}},"line":42},"7":{"name":"(anonymous_7)","decl":{"start":{"line":46,"column":11},"end":{"line":46,"column":null}},"loc":{"start":{"line":46,"column":11},"end":{"line":50,"column":null}},"line":46},"8":{"name":"(anonymous_8)","decl":{"start":{"line":53,"column":12},"end":{"line":53,"column":null}},"loc":{"start":{"line":53,"column":12},"end":{"line":59,"column":5}},"line":53},"9":{"name":"(anonymous_9)","decl":{"start":{"line":61,"column":27},"end":{"line":61,"column":34}},"loc":{"start":{"line":61,"column":34},"end":{"line":67,"column":null}},"line":61},"10":{"name":"(anonymous_10)","decl":{"start":{"line":62,"column":4},"end":{"line":62,"column":11}},"loc":{"start":{"line":62,"column":26},"end":{"line":66,"column":null}},"line":62}},"branchMap":{"0":{"loc":{"start":{"line":17,"column":13},"end":{"line":17,"column":22}},"type":"default-arg","locations":[{"start":{"line":17,"column":21},"end":{"line":17,"column":22}}],"line":17},"1":{"loc":{"start":{"line":26,"column":6},"end":{"line":26,"column":null}},"type":"if","locations":[{"start":{"line":26,"column":6},"end":{"line":26,"column":null}},{"start":{},"end":{}}],"line":26},"2":{"loc":{"start":{"line":26,"column":10},"end":{"line":26,"column":39}},"type":"binary-expr","locations":[{"start":{"line":26,"column":10},"end":{"line":26,"column":19}},{"start":{"line":26,"column":23},"end":{"line":26,"column":39}}],"line":26},"3":{"loc":{"start":{"line":35,"column":6},"end":{"line":35,"column":null}},"type":"if","locations":[{"start":{"line":35,"column":6},"end":{"line":35,"column":null}},{"start":{},"end":{}}],"line":35},"4":{"loc":{"start":{"line":54,"column":4},"end":{"line":58,"column":null}},"type":"if","locations":[{"start":{"line":54,"column":4},"end":{"line":58,"column":null}},{"start":{},"end":{}}],"line":54},"5":{"loc":{"start":{"line":54,"column":8},"end":{"line":54,"column":24}},"type":"binary-expr","locations":[{"start":{"line":54,"column":8},"end":{"line":54,"column":17}},{"start":{"line":54,"column":17},"end":{"line":54,"column":24}}],"line":54},"6":{"loc":{"start":{"line":71,"column":37},"end":{"line":71,"column":null}},"type":"binary-expr","locations":[{"start":{"line":71,"column":37},"end":{"line":71,"column":46}},{"start":{"line":71,"column":46},"end":{"line":71,"column":null}}],"line":71}},"s":{"0":18,"1":18,"2":18,"3":18,"4":10,"5":10,"6":0,"7":0,"8":0,"9":0,"10":0,"11":0,"12":10,"13":10,"14":0,"15":10,"16":10,"17":10,"18":10,"19":10,"20":18,"21":18,"22":2,"23":2,"24":18,"25":4,"26":2,"27":2},"f":{"0":18,"1":10,"2":10,"3":0,"4":0,"5":10,"6":10,"7":10,"8":18,"9":4,"10":2},"b":{"0":[18],"1":[10,0],"2":[10,10],"3":[0,10],"4":[2,16],"5":[18,8],"6":[18,17]},"meta":{"lastBranch":7,"lastFunction":11,"lastStatement":28,"seen":{"f:16:63:16:Infinity":0,"b:17:21:17:22":0,"s:20:8:20:Infinity":0,"s:21:8:21:Infinity":1,"s:22:25:22:Infinity":2,"s:24:2:51:Infinity":3,"f:24:12:24:Infinity":1,"f:25:13:25:Infinity":2,"b:26:6:26:Infinity:undefined:undefined:undefined:undefined":1,"s:26:6:26:Infinity":4,"b:26:10:26:19:26:23:26:39":2,"s:26:41:26:Infinity":5,"s:27:6:32:Infinity":6,"f:27:31:27:32":3,"s:28:20:28:Infinity":7,"s:29:8:29:Infinity":8,"s:30:8:30:Infinity":9,"s:31:8:31:Infinity":10,"f:31:41:31:47":4,"s:31:47:31:Infinity":11,"s:34:4:45:Infinity":12,"f:34:19:34:Infinity":5,"b:35:6:35:Infinity:undefined:undefined:undefined:undefined":3,"s:35:6:35:Infinity":13,"s:35:33:35:Infinity":14,"s:36:6:44:Infinity":15,"f:42:19:42:25":6,"s:42:25:42:Infinity":16,"s:46:4:50:Infinity":17,"f:46:11:46:Infinity":7,"s:47:6:49:Infinity":18,"s:48:8:48:Infinity":19,"s:53:2:59:Infinity":20,"f:53:12:53:Infinity":8,"b:54:4:58:Infinity:undefined:undefined:undefined:undefined":4,"s:54:4:58:Infinity":21,"b:54:8:54:17:54:17:54:24":5,"s:55:6:57:Infinity":22,"s:56:8:56:Infinity":23,"s:61:2:67:Infinity":24,"f:61:27:61:34":9,"s:61:34:67:Infinity":25,"f:62:4:62:11":10,"s:63:6:65:Infinity":26,"s:64:8:64:Infinity":27,"b:71:37:71:46:71:46:71:Infinity":6}}}
,"/home/runner/work/transcript-create/transcript-create/frontend/src/routes/PricingPage.tsx": {"path":"/home/runner/work/transcript-create/transcript-create/frontend/src/routes/PricingPage.tsx","statementMap":{"0":{"start":{"line":6,"column":16},"end":{"line":6,"column":null}},"1":{"start":{"line":7,"column":8},"end":{"line":7,"column":null}},"2":{"start":{"line":8,"column":16},"end":{"line":8,"column":null}},"3":{"start":{"line":9,"column":18},"end":{"line":9,"column":null}},"4":{"start":{"line":10,"column":19},"end":{"line":10,"column":null}},"5":{"start":{"line":11,"column":19},"end":{"line":11,"column":null}},"6":{"start":{"line":13,"column":2},"end":{"line":17,"column":null}},"7":{"start":{"line":14,"column":4},"end":{"line":16,"column":null}},"8":{"start":{"line":15,"column":6},"end":{"line":15,"column":null}},"9":{"start":{"line":19,"column":4},"end":{"line":30,"column":null}},"10":{"start":{"line":20,"column":24},"end":{"line":20,"column":null}},"11":{"start":{"line":21,"column":6},"end":{"line":21,"column":null}},"12":{"start":{"line":21,"column":18},"end":{"line":21,"column":null}},"13":{"start":{"line":22,"column":6},"end":{"line":22,"column":null}},"14":{"start":{"line":22,"column":20},"end":{"line":22,"column":null}},"15":{"start":{"line":23,"column":22},"end":{"line":25,"column":null}},"16":{"start":{"line":26,"column":6},"end":{"line":26,"column":null}},"17":{"start":{"line":26,"column":15},"end":{"line":26,"column":null}},"18":{"start":{"line":28,"column":6},"end":{"line":28,"column":null}},"19":{"start":{"line":29,"column":6},"end":{"line":29,"column":null}},"20":{"start":{"line":33,"column":4},"end":{"line":39,"column":null}},"21":{"start":{"line":34,"column":22},"end":{"line":34,"column":null}},"22":{"start":{"line":35,"column":6},"end":{"line":35,"column":null}},"23":{"start":{"line":35,"column":15},"end":{"line":35,"column":null}},"24":{"start":{"line":37,"column":6},"end":{"line":37,"column":null}},"25":{"start":{"line":38,"column":6},"end":{"line":38,"column":null}},"26":{"start":{"line":83,"column":29},"end":{"line":83,"column":null}},"27":{"start":{"line":89,"column":29},"end":{"line":89,"column":null}}},"fnMap":{"0":{"name":"PricingPage","decl":{"start":{"line":5,"column":24},"end":{"line":5,"column":null}},"loc":{"start":{"line":5,"column":24},"end":{"line":102,"column":null}},"line":5},"1":{"name":"(anonymous_1)","decl":{"start":{"line":13,"column":12},"end":{"line":13,"column":null}},"loc":{"start":{"line":13,"column":12},"end":{"line":17,"column":5}},"line":13},"2":{"name":"startCheckout","decl":{"start":{"line":18,"column":17},"end":{"line":18,"column":31}},"loc":{"start":{"line":18,"column":60},"end":{"line":31,"column":null}},"line":18},"3":{"name":"manageBilling","decl":{"start":{"line":32,"column":17},"end":{"line":32,"column":null}},"loc":{"start":{"line":32,"column":17},"end":{"line":40,"column":null}},"line":32},"4":{"name":"(anonymous_4)","decl":{"start":{"line":83,"column":23},"end":{"line":83,"column":29}},"loc":{"start":{"line":83,"column":29},"end":{"line":83,"column":null}},"line":83},"5":{"name":"(anonymous_5)","decl":{"start":{"line":89,"column":23},"end":{"line":89,"column":29}},"loc":{"start":{"line":89,"column":29},"end":{"line":89,"column":null}},"line":89}},"branchMap":{"0":{"loc":{"start":{"line":14,"column":4},"end":{"line":16,"column":null}},"type":"if","locations":[{"start":{"line":14,"column":4},"end":{"line":16,"column":null}},{"start":{},"end":{}}],"line":14},"1":{"loc":{"start":{"line":14,"column":8},"end":{"line":14,"column":42}},"type":"binary-expr","locations":[{"start":{"line":14,"column":8},"end":{"line":14,"column":32}},{"start":{"line":14,"column":32},"end":{"line":14,"column":42}}],"line":14},"2":{"loc":{"start":{"line":21,"column":6},"end":{"line":21,"column":null}},"type":"if","locations":[{"start":{"line":21,"column":6},"end":{"line":21,"column":null}},{"start":{},"end":{}}],"line":21},"3":{"loc":{"start":{"line":22,"column":6},"end":{"line":22,"column":null}},"type":"if","locations":[{"start":{"line":22,"column":6},"end":{"line":22,"column":null}},{"start":{},"end":{}}],"line":22},"4":{"loc":{"start":{"line":26,"column":6},"end":{"line":26,"column":null}},"type":"if","locations":[{"start":{"line":26,"column":6},"end":{"line":26,"column":null}},{"start":{},"end":{}}],"line":26},"5":{"loc":{"start":{"line":35,"column":6},"end":{"line":35,"column":null}},"type":"if","locations":[{"start":{"line":35,"column":6},"end":{"line":35,"column":null}},{"start":{},"end":{}}],"line":35}},"s":{"0":26,"1":26,"2":26,"3":26,"4":26,"5":26,"6":26,"7":26,"8":0,"9":4,"10":4,"11":4,"12":4,"13":4,"14":2,"15":4,"16":3,"17":3,"18":1,"19":1,"20":2,"21":2,"22":1,"23":1,"24":1,"25":1,"26":3,"27":1},"f":{"0":26,"1":26,"2":4,"3":2,"4":3,"5":1},"b":{"0":[0,26],"1":[26,0],"2":[4,0],"3":[2,2],"4":[3,0],"5":[1,0]},"meta":{"lastBranch":6,"lastFunction":6,"lastStatement":28,"seen":{"f:5:24:5:Infinity":0,"s:6:16:6:Infinity":0,"s:7:8:7:Infinity":1,"s:8:16:8:Infinity":2,"s:9:18:9:Infinity":3,"s:10:19:10:Infinity":4,"s:11:19:11:Infinity":5,"s:13:2:17:Infinity":6,"f:13:12:13:Infinity":1,"b:14:4:16:Infinity:undefined:undefined:undefined:undefined":0,"s:14:4:16:Infinity":7,"b:14:8:14:32:14:32:14:42":1,"s:15:6:15:Infinity":8,"f:18:17:18:31":2,"s:19:4:30:Infinity":9,"s:20:24:20:Infinity":10,"b:21:6:21:Infinity:undefined:undefined:undefined:undefined":2,"s:21:6:21:Infinity":11,"s:21:18:21:Infinity":12,"b:22:6:22:Infinity:undefined:undefined:undefined:undefined":3,"s:22:6:22:Infinity":13,"s:22:20:22:Infinity":14,"s:23:22:25:Infinity":15,"b:26:6:26:Infinity:undefined:undefined:undefined:undefined":4,"s:26:6:26:Infinity":16,"s:26:15:26:Infinity":17,"s:28:6:28:Infinity":18,"s:29:6:29:Infinity":19,"f:32:17:32:Infinity":3,"s:33:4:39:Infinity":20,"s:34:22:34:Infinity":21,"b:35:6:35:Infinity:undefined:undefined:undefined:undefined":5,"s:35:6:35:Infinity":22,"s:35:15:35:Infinity":23,"s:37:6:37:Infinity":24,"s:38:6:38:Infinity":25,"f:83:23:83:29":4,"s:83:29:83:Infinity":26,"f:89:23:89:29":5,"s:89:29:89:Infinity":27}}}
,"/home/runner/work/transcript-create/transcript-create/frontend/src/routes/SearchPage.tsx": {"path":"/home/runner/work/transcript-create/transcript-create/frontend/src/routes/SearchPage.tsx","statementMap":{"0":{"start":{"line":8,"column":12},"end":{"line":8,"column":null}},"1":{"start":{"line":9,"column":13},"end":{"line":11,"column":null}},"2":{"start":{"line":12,"column":13},"end":{"line":14,"column":null}},"3":{"start":{"line":15,"column":13},"end":{"line":15,"column":null}},"4":{"start":{"line":16,"column":2},"end":{"line":16,"column":null}},"5":{"start":{"line":20,"column":27},"end":{"line":20,"column":null}},"6":{"start":{"line":21,"column":17},"end":{"line":21,"column":null}},"7":{"start":{"line":22,"column":23},"end":{"line":22,"column":null}},"8":{"start":{"line":23,"column":27},"end":{"line":24,"column":null}},"9":{"start":{"line":24,"column":4},"end":{"line":24,"column":null}},"10":{"start":{"line":26,"column":29},"end":{"line":26,"column":null}},"11":{"start":{"line":27,"column":35},"end":{"line":31,"column":null}},"12":{"start":{"line":33,"column":8},"end":{"line":40,"column":null}},"13":{"start":{"line":34,"column":14},"end":{"line":34,"column":null}},"14":{"start":{"line":35,"column":4},"end":{"line":38,"column":null}},"15":{"start":{"line":36,"column":18},"end":{"line":36,"column":28}},"16":{"start":{"line":37,"column":6},"end":{"line":37,"column":null}},"17":{"start":{"line":39,"column":4},"end":{"line":39,"column":null}},"18":{"start":{"line":42,"column":2},"end":{"line":66,"column":null}},"19":{"start":{"line":43,"column":18},"end":{"line":43,"column":null}},"20":{"start":{"line":44,"column":4},"end":{"line":44,"column":null}},"21":{"start":{"line":44,"column":16},"end":{"line":44,"column":null}},"22":{"start":{"line":45,"column":4},"end":{"line":45,"column":null}},"23":{"start":{"line":46,"column":4},"end":{"line":46,"column":null}},"24":{"start":{"line":47,"column":4},"end":{"line":47,"column":null}},"25":{"start":{"line":48,"column":4},"end":{"line":65,"column":null}},"26":{"start":{"line":50,"column":44},"end":{"line":50,"column":null}},"27":{"start":{"line":52,"column":18},"end":{"line":52,"column":null}},"28":{"start":{"line":53,"column":8},"end":{"line":63,"column":null}},"29":{"start":{"line":54,"column":23},"end":{"line":54,"column":null}},"30":{"start":{"line":54,"column":59},"end":{"line":54,"column":null}},"31":{"start":{"line":55,"column":10},"end":{"line":60,"column":null}},"32":{"start":{"line":56,"column":12},"end":{"line":60,"column":null}},"33":{"start":{"line":62,"column":10},"end":{"line":62,"column":null}},"34":{"start":{"line":65,"column":21},"end":{"line":65,"column":null}},"35":{"start":{"line":69,"column":4},"end":{"line":69,"column":null}},"36":{"start":{"line":70,"column":17},"end":{"line":70,"column":null}},"37":{"start":{"line":71,"column":4},"end":{"line":72,"column":null}},"38":{"start":{"line":71,"column":11},"end":{"line":71,"column":null}},"39":{"start":{"line":72,"column":9},"end":{"line":72,"column":null}},"40":{"start":{"line":73,"column":4},"end":{"line":73,"column":null}},"41":{"start":{"line":81,"column":27},"end":{"line":81,"column":null}},"42":{"start":{"line":87,"column":27},"end":{"line":87,"column":null}},"43":{"start":{"line":137,"column":33},"end":{"line":141,"column":null}},"44":{"start":{"line":149,"column":39},"end":{"line":149,"column":119}},"45":{"start":{"line":150,"column":26},"end":{"line":150,"column":null}}},"fnMap":{"0":{"name":"msToTimestamp","decl":{"start":{"line":7,"column":9},"end":{"line":7,"column":23}},"loc":{"start":{"line":7,"column":33},"end":{"line":17,"column":null}},"line":7},"1":{"name":"SearchPage","decl":{"start":{"line":19,"column":24},"end":{"line":19,"column":null}},"loc":{"start":{"line":19,"column":24},"end":{"line":177,"column":null}},"line":19},"2":{"name":"(anonymous_2)","decl":{"start":{"line":23,"column":61},"end":{"line":23,"column":null}},"loc":{"start":{"line":24,"column":4},"end":{"line":24,"column":null}},"line":24},"3":{"name":"(anonymous_3)","decl":{"start":{"line":33,"column":26},"end":{"line":33,"column":null}},"loc":{"start":{"line":33,"column":26},"end":{"line":40,"column":5}},"line":33},"4":{"name":"(anonymous_4)","decl":{"start":{"line":42,"column":12},"end":{"line":42,"column":null}},"loc":{"start":{"line":42,"column":12},"end":{"line":66,"column":5}},"line":42},"5":{"name":"(anonymous_5)","decl":{"start":{"line":50,"column":12},"end":{"line":50,"column":13}},"loc":{"start":{"line":50,"column":44},"end":{"line":50,"column":null}},"line":50},"6":{"name":"(anonymous_6)","decl":{"start":{"line":51,"column":13},"end":{"line":51,"column":20}},"loc":{"start":{"line":51,"column":20},"end":{"line":64,"column":null}},"line":51},"7":{"name":"(anonymous_7)","decl":{"start":{"line":54,"column":53},"end":{"line":54,"column":59}},"loc":{"start":{"line":54,"column":59},"end":{"line":54,"column":null}},"line":54},"8":{"name":"(anonymous_8)","decl":{"start":{"line":65,"column":15},"end":{"line":65,"column":21}},"loc":{"start":{"line":65,"column":21},"end":{"line":65,"column":null}},"line":65},"9":{"name":"onSubmit","decl":{"start":{"line":68,"column":11},"end":{"line":68,"column":20}},"loc":{"start":{"line":68,"column":38},"end":{"line":74,"column":null}},"line":68},"10":{"name":"(anonymous_10)","decl":{"start":{"line":81,"column":20},"end":{"line":81,"column":21}},"loc":{"start":{"line":81,"column":27},"end":{"line":81,"column":null}},"line":81},"11":{"name":"(anonymous_11)","decl":{"start":{"line":87,"column":20},"end":{"line":87,"column":21}},"loc":{"start":{"line":87,"column":27},"end":{"line":87,"column":null}},"line":87},"12":{"name":"(anonymous_12)","decl":{"start":{"line":137,"column":33},"end":{"line":137,"column":null}},"loc":{"start":{"line":137,"column":33},"end":{"line":141,"column":null}},"line":137},"13":{"name":"(anonymous_13)","decl":{"start":{"line":148,"column":33},"end":{"line":148,"column":null}},"loc":{"start":{"line":148,"column":33},"end":{"line":151,"column":null}},"line":148}},"branchMap":{"0":{"loc":{"start":{"line":21,"column":29},"end":{"line":21,"column":null}},"type":"binary-expr","locations":[{"start":{"line":21,"column":29},"end":{"line":21,"column":48}},{"start":{"line":21,"column":48},"end":{"line":21,"column":null}}],"line":21},"1":{"loc":{"start":{"line":24,"column":4},"end":{"line":24,"column":null}},"type":"cond-expr","locations":[{"start":{"line":24,"column":41},"end":{"line":24,"column":53}},{"start":{"line":24,"column":53},"end":{"line":24,"column":null}}],"line":24},"2":{"loc":{"start":{"line":37,"column":22},"end":{"line":37,"column":38}},"type":"binary-expr","locations":[{"start":{"line":37,"column":22},"end":{"line":37,"column":36}},{"start":{"line":37,"column":36},"end":{"line":37,"column":38}}],"line":37},"3":{"loc":{"start":{"line":44,"column":4},"end":{"line":44,"column":null}},"type":"if","locations":[{"start":{"line":44,"column":4},"end":{"line":44,"column":null}},{"start":{},"end":{}}],"line":44},"4":{"loc":{"start":{"line":53,"column":8},"end":{"line":63,"column":null}},"type":"if","locations":[{"start":{"line":53,"column":8},"end":{"line":63,"column":null}},{"start":{"line":61,"column":15},"end":{"line":63,"column":null}}],"line":53},"5":{"loc":{"start":{"line":55,"column":10},"end":{"line":60,"column":null}},"type":"if","locations":[{"start":{"line":55,"column":10},"end":{"line":60,"column":null}},{"start":{},"end":{}}],"line":55},"6":{"loc":{"start":{"line":57,"column":23},"end":{"line":57,"column":null}},"type":"binary-expr","locations":[{"start":{"line":57,"column":23},"end":{"line":57,"column":35}},{"start":{"line":57,"column":39},"end":{"line":57,"column":null}}],"line":57},"7":{"loc":{"start":{"line":58,"column":20},"end":{"line":58,"column":null}},"type":"binary-expr","locations":[{"start":{"line":58,"column":20},"end":{"line":58,"column":29}},{"start":{"line":58,"column":33},"end":{"line":58,"column":null}}],"line":58},"8":{"loc":{"start":{"line":59,"column":21},"end":{"line":59,"column":null}},"type":"binary-expr","locations":[{"start":{"line":59,"column":21},"end":{"line":59,"column":31}},{"start":{"line":59,"column":35},"end":{"line":59,"column":null}}],"line":59},"9":{"loc":{"start":{"line":71,"column":4},"end":{"line":72,"column":null}},"type":"if","locations":[{"start":{"line":71,"column":4},"end":{"line":72,"column":null}},{"start":{"line":72,"column":9},"end":{"line":72,"column":null}}],"line":71},"10":{"loc":{"start":{"line":93,"column":42},"end":{"line":93,"column":null}},"type":"binary-expr","locations":[{"start":{"line":93,"column":42},"end":{"line":93,"column":48}},{"start":{"line":93,"column":48},"end":{"line":93,"column":null}}],"line":93},"11":{"loc":{"start":{"line":94,"column":11},"end":{"line":94,"column":null}},"type":"cond-expr","locations":[{"start":{"line":94,"column":21},"end":{"line":94,"column":36}},{"start":{"line":94,"column":36},"end":{"line":94,"column":null}}],"line":94},"12":{"loc":{"start":{"line":127,"column":23},"end":{"line":127,"column":null}},"type":"cond-expr","locations":[{"start":{"line":127,"column":45},"end":{"line":127,"column":64}},{"start":{"line":127,"column":64},"end":{"line":127,"column":null}}],"line":127}},"s":{"0":0,"1":0,"2":0,"3":0,"4":0,"5":27,"6":27,"7":27,"8":27,"9":6,"10":27,"11":27,"12":27,"13":6,"14":6,"15":0,"16":0,"17":6,"18":27,"19":27,"20":27,"21":27,"22":0,"23":0,"24":0,"25":0,"26":0,"27":0,"28":0,"29":0,"30":0,"31":0,"32":0,"33":0,"34":0,"35":0,"36":0,"37":0,"38":0,"39":0,"40":0,"41":20,"42":1,"43":0,"44":0,"45":0},"f":{"0":0,"1":27,"2":6,"3":6,"4":27,"5":0,"6":0,"7":0,"8":0,"9":0,"10":20,"11":1,"12":0,"13":0},"b":{"0":[27,27],"1":[0,6],"2":[0,0],"3":[27,0],"4":[0,0],"5":[0,0],"6":[0,0],"7":[0,0],"8":[0,0],"9":[0,0],"10":[27,20],"11":[0,27],"12":[0,0]},"meta":{"lastBranch":13,"lastFunction":14,"lastStatement":46,"seen":{"f:7:9:7:23":0,"s:8:12:8:Infinity":0,"s:9:13:11:Infinity":1,"s:12:13:14:Infinity":2,"s:15:13:15:Infinity":3,"s:16:2:16:Infinity":4,"f:19:24:19:Infinity":1,"s:20:27:20:Infinity":5,"s:21:17:21:Infinity":6,"b:21:29:21:48:21:48:21:Infinity":0,"s:22:23:22:Infinity":7,"s:23:27:24:Infinity":8,"f:23:61:23:Infinity":2,"s:24:4:24:Infinity":9,"b:24:41:24:53:24:53:24:Infinity":1,"s:26:29:26:Infinity":10,"s:27:35:31:Infinity":11,"s:33:8:40:Infinity":12,"f:33:26:33:Infinity":3,"s:34:14:34:Infinity":13,"s:35:4:38:Infinity":14,"s:36:18:36:28":15,"s:37:6:37:Infinity":16,"b:37:22:37:36:37:36:37:38":2,"s:39:4:39:Infinity":17,"s:42:2:66:Infinity":18,"f:42:12:42:Infinity":4,"s:43:18:43:Infinity":19,"b:44:4:44:Infinity:undefined:undefined:undefined:undefined":3,"s:44:4:44:Infinity":20,"s:44:16:44:Infinity":21,"s:45:4:45:Infinity":22,"s:46:4:46:Infinity":23,"s:47:4:47:Infinity":24,"s:48:4:65:Infinity":25,"f:50:12:50:13":5,"s:50:44:50:Infinity":26,"f:51:13:51:20":6,"s:52:18:52:Infinity":27,"b:53:8:63:Infinity:61:15:63:Infinity":4,"s:53:8:63:Infinity":28,"s:54:23:54:Infinity":29,"f:54:53:54:59":7,"s:54:59:54:Infinity":30,"b:55:10:60:Infinity:undefined:undefined:undefined:undefined":5,"s:55:10:60:Infinity":31,"s:56:12:60:Infinity":32,"b:57:23:57:35:57:39:57:Infinity":6,"b:58:20:58:29:58:33:58:Infinity":7,"b:59:21:59:31:59:35:59:Infinity":8,"s:62:10:62:Infinity":33,"f:65:15:65:21":8,"s:65:21:65:Infinity":34,"f:68:11:68:20":9,"s:69:4:69:Infinity":35,"s:70:17:70:Infinity":36,"b:71:4:72:Infinity:72:9:72:Infinity":9,"s:71:4:72:Infinity":37,"s:71:11:71:Infinity":38,"s:72:9:72:Infinity":39,"s:73:4:73:Infinity":40,"f:81:20:81:21":10,"s:81:27:81:Infinity":41,"f:87:20:87:21":11,"s:87:27:87:Infinity":42,"b:93:42:93:48:93:48:93:Infinity":10,"b:94:21:94:36:94:36:94:Infinity":11,"b:127:45:127:64:127:64:127:Infinity":12,"f:137:33:137:Infinity":12,"s:137:33:141:Infinity":43,"f:148:33:148:Infinity":13,"s:149:39:149:119":44,"s:150:26:150:Infinity":45}}}
,"/home/runner/work/transcript-create/transcript-create/frontend/src/services/analytics.ts": {"path":"/home/runner/work/transcript-create/transcript-create/frontend/src/services/analytics.ts","statementMap":{"0":{"start":{"line":15,"column":30},"end":{"line":15,"column":32}},"1":{"start":{"line":16,"column":62},"end":{"line":19,"column":null}},"2":{"start":{"line":23,"column":12},"end":{"line":23,"column":26}},"3":{"start":{"line":24,"column":2},"end":{"line":24,"column":null}},"4":{"start":{"line":24,"column":50},"end":{"line":24,"column":null}},"5":{"start":{"line":25,"column":2},"end":{"line":25,"column":null}},"6":{"start":{"line":26,"column":2},"end":{"line":26,"column":null}},"7":{"start":{"line":30,"column":2},"end":{"line":30,"column":null}},"8":{"start":{"line":30,"column":13},"end":{"line":30,"column":null}},"9":{"start":{"line":31,"column":2},"end":{"line":31,"column":null}},"10":{"start":{"line":35,"column":16},"end":{"line":35,"column":null}},"11":{"start":{"line":36,"column":2},"end":{"line":36,"column":null}},"12":{"start":{"line":37,"column":2},"end":{"line":37,"column":null}},"13":{"start":{"line":37,"column":26},"end":{"line":37,"column":null}},"14":{"start":{"line":38,"column":2},"end":{"line":42,"column":null}},"15":{"start":{"line":39,"column":4},"end":{"line":39,"column":null}},"16":{"start":{"line":45,"column":0},"end":{"line":49,"column":null}},"17":{"start":{"line":46,"column":2},"end":{"line":48,"column":null}},"18":{"start":{"line":47,"column":4},"end":{"line":47,"column":null}}},"fnMap":{"0":{"name":"track","decl":{"start":{"line":22,"column":16},"end":{"line":22,"column":22}},"loc":{"start":{"line":22,"column":37},"end":{"line":27,"column":null}},"line":22},"1":{"name":"scheduleFlush","decl":{"start":{"line":29,"column":9},"end":{"line":29,"column":null}},"loc":{"start":{"line":29,"column":9},"end":{"line":32,"column":null}},"line":29},"2":{"name":"flush","decl":{"start":{"line":34,"column":15},"end":{"line":34,"column":null}},"loc":{"start":{"line":34,"column":15},"end":{"line":43,"column":null}},"line":34},"3":{"name":"(anonymous_3)","decl":{"start":{"line":45,"column":40},"end":{"line":45,"column":null}},"loc":{"start":{"line":45,"column":40},"end":{"line":49,"column":null}},"line":45}},"branchMap":{"0":{"loc":{"start":{"line":24,"column":2},"end":{"line":24,"column":null}},"type":"if","locations":[{"start":{"line":24,"column":2},"end":{"line":24,"column":null}},{"start":{},"end":{}}],"line":24},"1":{"loc":{"start":{"line":24,"column":6},"end":{"line":24,"column":50}},"type":"binary-expr","locations":[{"start":{"line":24,"column":6},"end":{"line":24,"column":31}},{"start":{"line":24,"column":31},"end":{"line":24,"column":50}}],"line":24},"2":{"loc":{"start":{"line":30,"column":2},"end":{"line":30,"column":null}},"type":"if","locations":[{"start":{"line":30,"column":2},"end":{"line":30,"column":null}},{"start":{},"end":{}}],"line":30},"3":{"loc":{"start":{"line":37,"column":2},"end":{"line":37,"column":null}},"type":"if","locations":[{"start":{"line":37,"column":2},"end":{"line":37,"column":null}},{"start":{},"end":{}}],"line":37},"4":{"loc":{"start":{"line":46,"column":2},"end":{"line":48,"column":null}},"type":"if","locations":[{"start":{"line":46,"column":2},"end":{"line":48,"column":null}},{"start":{},"end":{}}],"line":46}},"s":{"0":2,"1":2,"2":0,"3":0,"4":0,"5":0,"6":0,"7":0,"8":0,"9":0,"10":0,"11":0,"12":0,"13":0,"14":0,"15":0,"16":2,"17":0,"18":0},"f":{"0":0,"1":0,"2":0,"3":0},"b":{"0":[0,0],"1":[0,0],"2":[0,0],"3":[0,0],"4":[0,0]},"meta":{"lastBranch":5,"lastFunction":4,"lastStatement":19,"seen":{"s:15:30:15:32":0,"s:16:62:19:Infinity":1,"f:22:16:22:22":0,"s:23:12:23:26":2,"b:24:2:24:Infinity:undefined:undefined:undefined:undefined":0,"s:24:2:24:Infinity":3,"b:24:6:24:31:24:31:24:50":1,"s:24:50:24:Infinity":4,"s:25:2:25:Infinity":5,"s:26:2:26:Infinity":6,"f:29:9:29:Infinity":1,"b:30:2:30:Infinity:undefined:undefined:undefined:undefined":2,"s:30:2:30:Infinity":7,"s:30:13:30:Infinity":8,"s:31:2:31:Infinity":9,"f:34:15:34:Infinity":2,"s:35:16:35:Infinity":10,"s:36:2:36:Infinity":11,"b:37:2:37:Infinity:undefined:undefined:undefined:undefined":3,"s:37:2:37:Infinity":12,"s:37:26:37:Infinity":13,"s:38:2:42:Infinity":14,"s:39:4:39:Infinity":15,"s:45:0:49:Infinity":16,"f:45:40:45:Infinity":3,"b:46:2:48:Infinity:undefined:undefined:undefined:undefined":4,"s:46:2:48:Infinity":17,"s:47:4:47:Infinity":18}}}
,"/home/runner/work/transcript-create/transcript-create/frontend/src/services/api.ts": {"path":"/home/runner/work/transcript-create/transcript-create/frontend/src/services/api.ts","statementMap":{"0":{"start":{"line":4,"column":17},"end":{"line":4,"column":null}},"1":{"start":{"line":6,"column":20},"end":{"line":6,"column":null}},"2":{"start":{"line":8,"column":19},"end":{"line":26,"column":null}},"3":{"start":{"line":13,"column":19},"end":{"line":13,"column":null}},"4":{"start":{"line":14,"column":4},"end":{"line":14,"column":null}},"5":{"start":{"line":14,"column":22},"end":{"line":14,"column":null}},"6":{"start":{"line":15,"column":4},"end":{"line":15,"column":null}},"7":{"start":{"line":15,"column":24},"end":{"line":15,"column":null}},"8":{"start":{"line":16,"column":4},"end":{"line":16,"column":null}},"9":{"start":{"line":16,"column":21},"end":{"line":16,"column":null}},"10":{"start":{"line":17,"column":4},"end":{"line":17,"column":null}},"11":{"start":{"line":17,"column":22},"end":{"line":17,"column":null}},"12":{"start":{"line":18,"column":4},"end":{"line":18,"column":null}},"13":{"start":{"line":21,"column":4},"end":{"line":21,"column":null}},"14":{"start":{"line":24,"column":4},"end":{"line":24,"column":null}},"15":{"start":{"line":29,"column":23},"end":{"line":29,"column":null}},"16":{"start":{"line":30,"column":2},"end":{"line":30,"column":null}},"17":{"start":{"line":47,"column":2},"end":{"line":47,"column":null}},"18":{"start":{"line":51,"column":2},"end":{"line":51,"column":null}}},"fnMap":{"0":{"name":"(anonymous_0)","decl":{"start":{"line":9,"column":8},"end":{"line":9,"column":null}},"loc":{"start":{"line":11,"column":95},"end":{"line":19,"column":null}},"line":11},"1":{"name":"(anonymous_1)","decl":{"start":{"line":20,"column":8},"end":{"line":20,"column":22}},"loc":{"start":{"line":20,"column":37},"end":{"line":22,"column":null}},"line":20},"2":{"name":"(anonymous_2)","decl":{"start":{"line":23,"column":8},"end":{"line":23,"column":17}},"loc":{"start":{"line":23,"column":32},"end":{"line":25,"column":null}},"line":23},"3":{"name":"apiListFavorites","decl":{"start":{"line":28,"column":22},"end":{"line":28,"column":39}},"loc":{"start":{"line":28,"column":55},"end":{"line":39,"column":null}},"line":28},"4":{"name":"apiAddFavorite","decl":{"start":{"line":41,"column":22},"end":{"line":41,"column":37}},"loc":{"start":{"line":46,"column":1},"end":{"line":48,"column":null}},"line":46},"5":{"name":"apiDeleteFavorite","decl":{"start":{"line":50,"column":22},"end":{"line":50,"column":40}},"loc":{"start":{"line":50,"column":50},"end":{"line":52,"column":null}},"line":50}},"branchMap":{"0":{"loc":{"start":{"line":4,"column":17},"end":{"line":4,"column":null}},"type":"binary-expr","locations":[{"start":{"line":4,"column":17},"end":{"line":4,"column":46}},{"start":{"line":4,"column":50},"end":{"line":4,"column":null}}],"line":4},"1":{"loc":{"start":{"line":14,"column":4},"end":{"line":14,"column":null}},"type":"if","locations":[{"start":{"line":14,"column":4},"end":{"line":14,"column":null}},{"start":{},"end":{}}],"line":14},"2":{"loc":{"start":{"line":15,"column":4},"end":{"line":15,"column":null}},"type":"if","locations":[{"start":{"line":15,"column":4},"end":{"line":15,"column":null}},{"start":{},"end":{}}],"line":15},"3":{"loc":{"start":{"line":16,"column":4},"end":{"line":16,"column":null}},"type":"if","locations":[{"start":{"line":16,"column":4},"end":{"line":16,"column":null}},{"start":{},"end":{}}],"line":16},"4":{"loc":{"start":{"line":17,"column":4},"end":{"line":17,"column":null}},"type":"if","locations":[{"start":{"line":17,"column":4},"end":{"line":17,"column":null}},{"start":{},"end":{}}],"line":17},"5":{"loc":{"start":{"line":29,"column":23},"end":{"line":29,"column":null}},"type":"cond-expr","locations":[{"start":{"line":29,"column":33},"end":{"line":29,"column":78}},{"start":{"line":29,"column":78},"end":{"line":29,"column":null}}],"line":29}},"s":{"0":4,"1":4,"2":4,"3":3,"4":3,"5":1,"6":3,"7":1,"8":3,"9":1,"10":3,"11":1,"12":3,"13":2,"14":2,"15":0,"16":0,"17":0,"18":0},"f":{"0":3,"1":2,"2":2,"3":0,"4":0,"5":0},"b":{"0":[4,4],"1":[1,2],"2":[1,2],"3":[1,2],"4":[1,2],"5":[0,0]},"meta":{"lastBranch":6,"lastFunction":6,"lastStatement":19,"seen":{"s:4:17:4:Infinity":0,"b:4:17:4:46:4:50:4:Infinity":0,"s:6:20:6:Infinity":1,"s:8:19:26:Infinity":2,"f:9:8:9:Infinity":0,"s:13:19:13:Infinity":3,"b:14:4:14:Infinity:undefined:undefined:undefined:undefined":1,"s:14:4:14:Infinity":4,"s:14:22:14:Infinity":5,"b:15:4:15:Infinity:undefined:undefined:undefined:undefined":2,"s:15:4:15:Infinity":6,"s:15:24:15:Infinity":7,"b:16:4:16:Infinity:undefined:undefined:undefined:undefined":3,"s:16:4:16:Infinity":8,"s:16:21:16:Infinity":9,"b:17:4:17:Infinity:undefined:undefined:undefined:undefined":4,"s:17:4:17:Infinity":10,"s:17:22:17:Infinity":11,"s:18:4:18:Infinity":12,"f:20:8:20:22":1,"s:21:4:21:Infinity":13,"f:23:8:23:17":2,"s:24:4:24:Infinity":14,"f:28:22:28:39":3,"s:29:23:29:Infinity":15,"b:29:33:29:78:29:78:29:Infinity":5,"s:30:2:30:Infinity":16,"f:41:22:41:37":4,"s:47:2:47:Infinity":17,"f:50:22:50:40":5,"s:51:2:51:Infinity":18}}}
,"/home/runner/work/transcript-create/transcript-create/frontend/src/services/auth.tsx": {"path":"/home/runner/work/transcript-create/transcript-create/frontend/src/services/auth.tsx","statementMap":{"0":{"start":{"line":22,"column":6},"end":{"line":22,"column":null}},"1":{"start":{"line":25,"column":23},"end":{"line":25,"column":null}},"2":{"start":{"line":26,"column":29},"end":{"line":26,"column":null}},"3":{"start":{"line":27,"column":2},"end":{"line":33,"column":null}},"4":{"start":{"line":28,"column":4},"end":{"line":32,"column":null}},"5":{"start":{"line":31,"column":19},"end":{"line":31,"column":null}},"6":{"start":{"line":32,"column":21},"end":{"line":32,"column":null}},"7":{"start":{"line":40,"column":10},"end":{"line":40,"column":null}},"8":{"start":{"line":43,"column":10},"end":{"line":43,"column":null}},"9":{"start":{"line":46,"column":10},"end":{"line":49,"column":null}},"10":{"start":{"line":50,"column":10},"end":{"line":50,"column":null}},"11":{"start":{"line":60,"column":8},"end":{"line":60,"column":null}},"12":{"start":{"line":61,"column":2},"end":{"line":61,"column":null}},"13":{"start":{"line":61,"column":12},"end":{"line":61,"column":null}},"14":{"start":{"line":62,"column":2},"end":{"line":62,"column":null}}},"fnMap":{"0":{"name":"AuthProvider","decl":{"start":{"line":24,"column":16},"end":{"line":24,"column":29}},"loc":{"start":{"line":24,"column":72},"end":{"line":57,"column":null}},"line":24},"1":{"name":"(anonymous_1)","decl":{"start":{"line":27,"column":12},"end":{"line":27,"column":null}},"loc":{"start":{"line":27,"column":12},"end":{"line":33,"column":5}},"line":27},"2":{"name":"(anonymous_2)","decl":{"start":{"line":31,"column":12},"end":{"line":31,"column":13}},"loc":{"start":{"line":31,"column":19},"end":{"line":31,"column":null}},"line":31},"3":{"name":"(anonymous_3)","decl":{"start":{"line":32,"column":15},"end":{"line":32,"column":21}},"loc":{"start":{"line":32,"column":21},"end":{"line":32,"column":null}},"line":32},"4":{"name":"(anonymous_4)","decl":{"start":{"line":39,"column":15},"end":{"line":39,"column":null}},"loc":{"start":{"line":39,"column":15},"end":{"line":41,"column":null}},"line":39},"5":{"name":"(anonymous_5)","decl":{"start":{"line":42,"column":21},"end":{"line":42,"column":null}},"loc":{"start":{"line":42,"column":21},"end":{"line":44,"column":null}},"line":42},"6":{"name":"(anonymous_6)","decl":{"start":{"line":45,"column":16},"end":{"line":45,"column":null}},"loc":{"start":{"line":45,"column":16},"end":{"line":51,"column":null}},"line":45},"7":{"name":"(anonymous_7)","decl":{"start":{"line":49,"column":19},"end":{"line":49,"column":26}},"loc":{"start":{"line":49,"column":19},"end":{"line":49,"column":null}},"line":49},"8":{"name":"useAuth","decl":{"start":{"line":59,"column":16},"end":{"line":59,"column":null}},"loc":{"start":{"line":59,"column":16},"end":{"line":63,"column":null}},"line":59}},"branchMap":{"0":{"loc":{"start":{"line":61,"column":2},"end":{"line":61,"column":null}},"type":"if","locations":[{"start":{"line":61,"column":2},"end":{"line":61,"column":null}},{"start":{},"end":{}}],"line":61}},"s":{"0":3,"1":53,"2":53,"3":53,"4":26,"5":25,"6":25,"7":1,"8":1,"9":2,"10":2,"11":44,"12":44,"13":2,"14":41},"f":{"0":53,"1":26,"2":25,"3":25,"4":1,"5":1,"6":2,"7":1,"8":44},"b":{"0":[2,42]},"meta":{"lastBranch":1,"lastFunction":9,"lastStatement":15,"seen":{"s:22:6:22:Infinity":0,"f:24:16:24:29":0,"s:25:23:25:Infinity":1,"s:26:29:26:Infinity":2,"s:27:2:33:Infinity":3,"f:27:12:27:Infinity":1,"s:28:4:32:Infinity":4,"f:31:12:31:13":2,"s:31:19:31:Infinity":5,"f:32:15:32:21":3,"s:32:21:32:Infinity":6,"f:39:15:39:Infinity":4,"s:40:10:40:Infinity":7,"f:42:21:42:Infinity":5,"s:43:10:43:Infinity":8,"f:45:16:45:Infinity":6,"s:46:10:49:Infinity":9,"f:49:19:49:26":7,"s:50:10:50:Infinity":10,"f:59:16:59:Infinity":8,"s:60:8:60:Infinity":11,"b:61:2:61:Infinity:undefined:undefined:undefined:undefined":0,"s:61:2:61:Infinity":12,"s:61:12:61:Infinity":13,"s:62:2:62:Infinity":14}}}
,"/home/runner/work/transcript-create/transcript-create/frontend/src/services/favorites.ts": {"path":"/home/runner/work/transcript-create/transcript-create/frontend/src/services/favorites.ts","statementMap":{"0":{"start":{"line":4,"column":12},"end":{"line":4,"column":null}},"1":{"start":{"line":7,"column":2},"end":{"line":12,"column":null}},"2":{"start":{"line":8,"column":16},"end":{"line":8,"column":null}},"3":{"start":{"line":9,"column":4},"end":{"line":9,"column":null}},"4":{"start":{"line":11,"column":4},"end":{"line":11,"column":null}},"5":{"start":{"line":16,"column":2},"end":{"line":18,"column":null}},"6":{"start":{"line":17,"column":4},"end":{"line":17,"column":null}},"7":{"start":{"line":21,"column":12},"end":{"line":21,"column":null}},"8":{"start":{"line":23,"column":25},"end":{"line":38,"column":null}},"9":{"start":{"line":25,"column":4},"end":{"line":25,"column":null}},"10":{"start":{"line":28,"column":4},"end":{"line":28,"column":null}},"11":{"start":{"line":28,"column":29},"end":{"line":28,"column":85}},"12":{"start":{"line":31,"column":4},"end":{"line":35,"column":null}},"13":{"start":{"line":32,"column":6},"end":{"line":32,"column":94}},"14":{"start":{"line":32,"column":34},"end":{"line":32,"column":null}},"15":{"start":{"line":34,"column":6},"end":{"line":34,"column":null}},"16":{"start":{"line":36,"column":4},"end":{"line":36,"column":null}}},"fnMap":{"0":{"name":"load","decl":{"start":{"line":6,"column":9},"end":{"line":6,"column":null}},"loc":{"start":{"line":6,"column":9},"end":{"line":13,"column":null}},"line":6},"1":{"name":"save","decl":{"start":{"line":15,"column":9},"end":{"line":15,"column":14}},"loc":{"start":{"line":15,"column":35},"end":{"line":19,"column":null}},"line":15},"2":{"name":"(anonymous_2)","decl":{"start":{"line":24,"column":2},"end":{"line":24,"column":null}},"loc":{"start":{"line":24,"column":2},"end":{"line":26,"column":null}},"line":24},"3":{"name":"(anonymous_3)","decl":{"start":{"line":27,"column":2},"end":{"line":27,"column":6}},"loc":{"start":{"line":27,"column":22},"end":{"line":29,"column":null}},"line":27},"4":{"name":"(anonymous_4)","decl":{"start":{"line":28,"column":22},"end":{"line":28,"column":23}},"loc":{"start":{"line":28,"column":29},"end":{"line":28,"column":85}},"line":28},"5":{"name":"(anonymous_5)","decl":{"start":{"line":30,"column":2},"end":{"line":30,"column":9}},"loc":{"start":{"line":30,"column":27},"end":{"line":37,"column":null}},"line":30},"6":{"name":"(anonymous_6)","decl":{"start":{"line":32,"column":27},"end":{"line":32,"column":28}},"loc":{"start":{"line":32,"column":34},"end":{"line":32,"column":null}},"line":32}},"branchMap":{"0":{"loc":{"start":{"line":9,"column":11},"end":{"line":9,"column":57}},"type":"cond-expr","locations":[{"start":{"line":9,"column":18},"end":{"line":9,"column":55}},{"start":{"line":9,"column":55},"end":{"line":9,"column":57}}],"line":9},"1":{"loc":{"start":{"line":28,"column":29},"end":{"line":28,"column":85}},"type":"binary-expr","locations":[{"start":{"line":28,"column":29},"end":{"line":28,"column":54}},{"start":{"line":28,"column":58},"end":{"line":28,"column":85}}],"line":28},"2":{"loc":{"start":{"line":31,"column":4},"end":{"line":35,"column":null}},"type":"if","locations":[{"start":{"line":31,"column":4},"end":{"line":35,"column":null}},{"start":{"line":33,"column":11},"end":{"line":35,"column":null}}],"line":31},"3":{"loc":{"start":{"line":32,"column":36},"end":{"line":32,"column":93}},"type":"binary-expr","locations":[{"start":{"line":32,"column":36},"end":{"line":32,"column":62}},{"start":{"line":32,"column":66},"end":{"line":32,"column":93}}],"line":32}},"s":{"0":3,"1":3,"2":3,"3":3,"4":0,"5":2,"6":2,"7":3,"8":3,"9":2,"10":3,"11":1,"12":2,"13":1,"14":1,"15":1,"16":2},"f":{"0":3,"1":2,"2":2,"3":3,"4":1,"5":2,"6":1},"b":{"0":[0,3],"1":[1,1],"2":[1,1],"3":[1,1]},"meta":{"lastBranch":4,"lastFunction":7,"lastStatement":17,"seen":{"s:4:12:4:Infinity":0,"f:6:9:6:Infinity":0,"s:7:2:12:Infinity":1,"s:8:16:8:Infinity":2,"s:9:4:9:Infinity":3,"b:9:18:9:55:9:55:9:57":0,"s:11:4:11:Infinity":4,"f:15:9:15:14":1,"s:16:2:18:Infinity":5,"s:17:4:17:Infinity":6,"s:21:12:21:Infinity":7,"s:23:25:38:Infinity":8,"f:24:2:24:Infinity":2,"s:25:4:25:Infinity":9,"f:27:2:27:6":3,"s:28:4:28:Infinity":10,"f:28:22:28:23":4,"s:28:29:28:85":11,"b:28:29:28:54:28:58:28:85":1,"f:30:2:30:9":5,"b:31:4:35:Infinity:33:11:35:Infinity":2,"s:31:4:35:Infinity":12,"s:32:6:32:94":13,"f:32:27:32:28":6,"s:32:34:32:Infinity":14,"b:32:36:32:62:32:66:32:93":3,"s:34:6:34:Infinity":15,"s:36:4:36:Infinity":16}}}
,"/home/runner/work/transcript-create/transcript-create/frontend/src/services/index.ts": {"path":"/home/runner/work/transcript-create/transcript-create/frontend/src/services/index.ts","statementMap":{},"fnMap":{},"branchMap":{},"s":{},"f":{},"b":{},"meta":{"lastBranch":0,"lastFunction":0,"lastStatement":0,"seen":{}}}
}
